mode: set
github.com/celestiaorg/talis/internal/compute/ansible.go:31.64,36.2 1 0
github.com/celestiaorg/talis/internal/compute/ansible.go:39.98,46.53 3 0
github.com/celestiaorg/talis/internal/compute/ansible.go:46.53,48.3 1 0
github.com/celestiaorg/talis/internal/compute/ansible.go:52.2,53.16 2 0
github.com/celestiaorg/talis/internal/compute/ansible.go:53.16,55.3 1 0
github.com/celestiaorg/talis/internal/compute/ansible.go:56.2,56.15 1 0
github.com/celestiaorg/talis/internal/compute/ansible.go:56.15,57.45 1 0
github.com/celestiaorg/talis/internal/compute/ansible.go:57.45,59.4 1 0
github.com/celestiaorg/talis/internal/compute/ansible.go:63.2,64.49 2 0
github.com/celestiaorg/talis/internal/compute/ansible.go:64.49,66.3 1 0
github.com/celestiaorg/talis/internal/compute/ansible.go:69.2,69.34 1 0
github.com/celestiaorg/talis/internal/compute/ansible.go:69.34,75.48 4 0
github.com/celestiaorg/talis/internal/compute/ansible.go:75.48,77.4 1 0
github.com/celestiaorg/talis/internal/compute/ansible.go:80.2,81.12 2 0
github.com/celestiaorg/talis/internal/compute/ansible.go:85.78,117.34 12 0
github.com/celestiaorg/talis/internal/compute/ansible.go:117.34,119.3 1 0
github.com/celestiaorg/talis/internal/compute/ansible.go:121.2,121.12 1 0
github.com/celestiaorg/talis/internal/compute/ansible.go:125.83,137.26 8 0
github.com/celestiaorg/talis/internal/compute/ansible.go:137.26,150.40 3 0
github.com/celestiaorg/talis/internal/compute/ansible.go:150.40,152.9 2 0
github.com/celestiaorg/talis/internal/compute/ansible.go:155.3,155.14 1 0
github.com/celestiaorg/talis/internal/compute/ansible.go:155.14,157.4 1 0
github.com/celestiaorg/talis/internal/compute/ansible.go:159.3,160.31 2 0
github.com/celestiaorg/talis/internal/compute/ansible.go:163.2,163.12 1 0
github.com/celestiaorg/talis/internal/compute/ansible.go:167.87,171.29 3 0
github.com/celestiaorg/talis/internal/compute/ansible.go:171.29,173.21 2 0
github.com/celestiaorg/talis/internal/compute/ansible.go:173.21,175.57 2 0
github.com/celestiaorg/talis/internal/compute/ansible.go:175.57,177.5 1 0
github.com/celestiaorg/talis/internal/compute/ansible.go:182.2,187.27 4 0
github.com/celestiaorg/talis/internal/compute/ansible.go:187.27,189.3 1 0
github.com/celestiaorg/talis/internal/compute/ansible.go:191.2,191.21 1 0
github.com/celestiaorg/talis/internal/compute/ansible.go:191.21,193.3 1 0
github.com/celestiaorg/talis/internal/compute/ansible.go:196.2,196.67 1 0
github.com/celestiaorg/talis/internal/compute/ansible.go:196.67,198.3 1 0
github.com/celestiaorg/talis/internal/compute/ansible.go:201.2,201.54 1 0
github.com/celestiaorg/talis/internal/compute/ansible.go:201.54,203.3 1 0
github.com/celestiaorg/talis/internal/compute/ansible.go:205.2,205.12 1 0
github.com/celestiaorg/talis/internal/compute/digitalocean.go:40.41,44.2 1 1
github.com/celestiaorg/talis/internal/compute/digitalocean.go:47.53,49.2 1 0
github.com/celestiaorg/talis/internal/compute/digitalocean.go:52.45,54.2 1 0
github.com/celestiaorg/talis/internal/compute/digitalocean.go:62.142,64.2 1 0
github.com/celestiaorg/talis/internal/compute/digitalocean.go:67.156,69.2 1 0
github.com/celestiaorg/talis/internal/compute/digitalocean.go:72.105,74.2 1 0
github.com/celestiaorg/talis/internal/compute/digitalocean.go:77.93,79.2 1 0
github.com/celestiaorg/talis/internal/compute/digitalocean.go:82.122,84.2 1 0
github.com/celestiaorg/talis/internal/compute/digitalocean.go:92.114,94.2 1 0
github.com/celestiaorg/talis/internal/compute/digitalocean.go:102.63,104.17 2 1
github.com/celestiaorg/talis/internal/compute/digitalocean.go:104.17,106.3 1 1
github.com/celestiaorg/talis/internal/compute/digitalocean.go:109.2,113.8 2 1
github.com/celestiaorg/talis/internal/compute/digitalocean.go:117.60,118.23 1 1
github.com/celestiaorg/talis/internal/compute/digitalocean.go:118.23,120.3 1 0
github.com/celestiaorg/talis/internal/compute/digitalocean.go:121.2,121.12 1 1
github.com/celestiaorg/talis/internal/compute/digitalocean.go:125.71,129.2 1 1
github.com/celestiaorg/talis/internal/compute/digitalocean.go:132.75,134.2 1 1
github.com/celestiaorg/talis/internal/compute/digitalocean.go:137.68,138.27 1 1
github.com/celestiaorg/talis/internal/compute/digitalocean.go:138.27,139.26 1 1
github.com/celestiaorg/talis/internal/compute/digitalocean.go:139.26,141.4 1 1
github.com/celestiaorg/talis/internal/compute/digitalocean.go:143.2,143.17 1 0
github.com/celestiaorg/talis/internal/compute/digitalocean.go:147.42,148.19 1 0
github.com/celestiaorg/talis/internal/compute/digitalocean.go:148.19,150.28 2 0
github.com/celestiaorg/talis/internal/compute/digitalocean.go:150.28,152.4 1 0
github.com/celestiaorg/talis/internal/compute/digitalocean.go:157.94,158.23 1 1
github.com/celestiaorg/talis/internal/compute/digitalocean.go:158.23,160.3 1 1
github.com/celestiaorg/talis/internal/compute/digitalocean.go:162.2,166.16 3 1
github.com/celestiaorg/talis/internal/compute/digitalocean.go:166.16,168.3 1 0
github.com/celestiaorg/talis/internal/compute/digitalocean.go:171.2,172.11 2 1
github.com/celestiaorg/talis/internal/compute/digitalocean.go:172.11,175.3 2 1
github.com/celestiaorg/talis/internal/compute/digitalocean.go:178.2,180.57 2 0
github.com/celestiaorg/talis/internal/compute/digitalocean.go:184.67,185.47 1 1
github.com/celestiaorg/talis/internal/compute/digitalocean.go:185.47,187.3 1 0
github.com/celestiaorg/talis/internal/compute/digitalocean.go:189.2,189.46 1 1
github.com/celestiaorg/talis/internal/compute/digitalocean.go:189.46,190.31 1 1
github.com/celestiaorg/talis/internal/compute/digitalocean.go:190.31,192.4 1 1
github.com/celestiaorg/talis/internal/compute/digitalocean.go:194.2,194.18 1 0
github.com/celestiaorg/talis/internal/compute/digitalocean.go:202.19,203.23 1 1
github.com/celestiaorg/talis/internal/compute/digitalocean.go:203.23,205.3 1 1
github.com/celestiaorg/talis/internal/compute/digitalocean.go:207.2,208.34 2 1
github.com/celestiaorg/talis/internal/compute/digitalocean.go:208.34,210.17 2 1
github.com/celestiaorg/talis/internal/compute/digitalocean.go:210.17,212.4 1 0
github.com/celestiaorg/talis/internal/compute/digitalocean.go:215.3,216.12 2 1
github.com/celestiaorg/talis/internal/compute/digitalocean.go:216.12,219.4 2 1
github.com/celestiaorg/talis/internal/compute/digitalocean.go:221.3,222.31 2 0
github.com/celestiaorg/talis/internal/compute/digitalocean.go:225.2,225.94 1 0
github.com/celestiaorg/talis/internal/compute/digitalocean.go:233.30,249.2 1 1
github.com/celestiaorg/talis/internal/compute/digitalocean.go:256.35,272.2 1 0
github.com/celestiaorg/talis/internal/compute/digitalocean.go:275.78,277.29 2 0
github.com/celestiaorg/talis/internal/compute/digitalocean.go:277.29,279.3 1 0
github.com/celestiaorg/talis/internal/compute/digitalocean.go:280.2,280.14 1 0
github.com/celestiaorg/talis/internal/compute/digitalocean.go:284.98,293.2 1 1
github.com/celestiaorg/talis/internal/compute/digitalocean.go:301.27,302.23 1 0
github.com/celestiaorg/talis/internal/compute/digitalocean.go:302.23,304.3 1 0
github.com/celestiaorg/talis/internal/compute/digitalocean.go:306.2,311.29 5 0
github.com/celestiaorg/talis/internal/compute/digitalocean.go:311.29,314.38 2 0
github.com/celestiaorg/talis/internal/compute/digitalocean.go:314.38,316.4 1 0
github.com/celestiaorg/talis/internal/compute/digitalocean.go:319.3,327.17 6 0
github.com/celestiaorg/talis/internal/compute/digitalocean.go:327.17,330.4 2 0
github.com/celestiaorg/talis/internal/compute/digitalocean.go:333.3,334.17 2 0
github.com/celestiaorg/talis/internal/compute/digitalocean.go:334.17,336.4 1 0
github.com/celestiaorg/talis/internal/compute/digitalocean.go:338.3,340.16 3 0
github.com/celestiaorg/talis/internal/compute/digitalocean.go:343.2,343.26 1 0
github.com/celestiaorg/talis/internal/compute/digitalocean.go:351.27,355.35 3 0
github.com/celestiaorg/talis/internal/compute/digitalocean.go:355.35,358.17 3 0
github.com/celestiaorg/talis/internal/compute/digitalocean.go:358.17,361.12 3 0
github.com/celestiaorg/talis/internal/compute/digitalocean.go:364.3,365.42 2 0
github.com/celestiaorg/talis/internal/compute/digitalocean.go:368.2,368.21 1 0
github.com/celestiaorg/talis/internal/compute/digitalocean.go:368.21,370.3 1 0
github.com/celestiaorg/talis/internal/compute/digitalocean.go:372.2,372.23 1 0
github.com/celestiaorg/talis/internal/compute/digitalocean.go:381.25,387.16 3 1
github.com/celestiaorg/talis/internal/compute/digitalocean.go:387.16,389.3 1 0
github.com/celestiaorg/talis/internal/compute/digitalocean.go:391.2,395.16 3 1
github.com/celestiaorg/talis/internal/compute/digitalocean.go:395.16,397.3 1 0
github.com/celestiaorg/talis/internal/compute/digitalocean.go:399.2,399.73 1 1
github.com/celestiaorg/talis/internal/compute/digitalocean.go:407.27,408.23 1 1
github.com/celestiaorg/talis/internal/compute/digitalocean.go:408.23,410.3 1 0
github.com/celestiaorg/talis/internal/compute/digitalocean.go:412.2,417.16 4 1
github.com/celestiaorg/talis/internal/compute/digitalocean.go:417.16,419.3 1 0
github.com/celestiaorg/talis/internal/compute/digitalocean.go:422.2,422.34 1 1
github.com/celestiaorg/talis/internal/compute/digitalocean.go:422.34,425.3 2 0
github.com/celestiaorg/talis/internal/compute/digitalocean.go:428.2,429.16 2 1
github.com/celestiaorg/talis/internal/compute/digitalocean.go:429.16,431.3 1 0
github.com/celestiaorg/talis/internal/compute/digitalocean.go:433.2,433.38 1 1
github.com/celestiaorg/talis/internal/compute/digitalocean.go:437.98,438.29 1 1
github.com/celestiaorg/talis/internal/compute/digitalocean.go:438.29,439.48 1 1
github.com/celestiaorg/talis/internal/compute/digitalocean.go:439.48,441.4 1 1
github.com/celestiaorg/talis/internal/compute/digitalocean.go:443.2,443.17 1 1
github.com/celestiaorg/talis/internal/compute/digitalocean.go:447.119,448.23 1 1
github.com/celestiaorg/talis/internal/compute/digitalocean.go:448.23,450.3 1 1
github.com/celestiaorg/talis/internal/compute/digitalocean.go:452.2,453.34 2 1
github.com/celestiaorg/talis/internal/compute/digitalocean.go:453.34,456.17 2 1
github.com/celestiaorg/talis/internal/compute/digitalocean.go:456.17,458.4 1 0
github.com/celestiaorg/talis/internal/compute/digitalocean.go:461.3,462.13 2 1
github.com/celestiaorg/talis/internal/compute/digitalocean.go:462.13,465.4 2 1
github.com/celestiaorg/talis/internal/compute/digitalocean.go:467.3,469.30 2 0
github.com/celestiaorg/talis/internal/compute/digitalocean.go:472.2,472.102 1 0
github.com/celestiaorg/talis/internal/compute/digitalocean.go:476.102,477.23 1 1
github.com/celestiaorg/talis/internal/compute/digitalocean.go:477.23,479.3 1 0
github.com/celestiaorg/talis/internal/compute/digitalocean.go:481.2,485.16 3 1
github.com/celestiaorg/talis/internal/compute/digitalocean.go:485.16,487.3 1 0
github.com/celestiaorg/talis/internal/compute/digitalocean.go:490.2,491.12 2 1
github.com/celestiaorg/talis/internal/compute/digitalocean.go:491.12,494.3 2 0
github.com/celestiaorg/talis/internal/compute/digitalocean.go:497.2,499.16 3 1
github.com/celestiaorg/talis/internal/compute/digitalocean.go:499.16,501.3 1 0
github.com/celestiaorg/talis/internal/compute/digitalocean.go:504.2,504.49 1 1
github.com/celestiaorg/talis/internal/compute/digitalocean.go:508.94,510.2 1 1
github.com/celestiaorg/talis/internal/compute/digitalocean.go:513.110,515.2 1 1
github.com/celestiaorg/talis/internal/compute/digitalocean.go:518.119,520.2 1 1
github.com/celestiaorg/talis/internal/compute/digitalocean.go:523.130,525.2 1 1
github.com/celestiaorg/talis/internal/compute/provider.go:55.67,56.18 1 0
github.com/celestiaorg/talis/internal/compute/provider.go:57.22,58.35 1 0
github.com/celestiaorg/talis/internal/compute/provider.go:59.10,60.63 1 0
github.com/celestiaorg/talis/internal/compute/provider.go:65.47,67.2 1 0
